2025-11-24 15:19:12 [scrapy.utils.log] INFO: Scrapy 2.13.3 started (bot: yahoo_scraper)
2025-11-24 15:19:12 [scrapy.utils.log] INFO: Versions:
{'lxml': '6.0.2',
 'libxml2': '2.14.6',
 'cssselect': '1.3.0',
 'parsel': '1.10.0',
 'w3lib': '2.3.1',
 'Twisted': '25.5.0',
 'Python': '3.11.5 (main, Sep 11 2023, 08:31:25) [Clang 14.0.6 ]',
 'pyOpenSSL': '25.3.0 (OpenSSL 3.0.18 30 Sep 2025)',
 'cryptography': '46.0.3',
 'Platform': 'macOS-15.5-arm64-arm-64bit'}
2025-11-24 15:19:12 [scrapy.addons] INFO: Enabled addons:
[]
2025-11-24 15:19:12 [py.warnings] WARNING: /Users/baptistetrt/anaconda3/lib/python3.11/site-packages/scrapy/utils/request.py:120: ScrapyDeprecationWarning: 'REQUEST_FINGERPRINTER_IMPLEMENTATION' is a deprecated setting.
It will be removed in a future version of Scrapy.
  return cls(crawler)

2025-11-24 15:19:12 [scrapy.extensions.telnet] INFO: Telnet Password: 9ead16a8c1939cb3
2025-11-24 15:19:12 [scrapy.middleware] INFO: Enabled extensions:
['scrapy.extensions.corestats.CoreStats',
 'scrapy.extensions.telnet.TelnetConsole',
 'scrapy.extensions.memusage.MemoryUsage',
 'scrapy.extensions.feedexport.FeedExporter',
 'scrapy.extensions.logstats.LogStats']
2025-11-24 15:19:12 [scrapy.crawler] INFO: Overridden settings:
{'BOT_NAME': 'yahoo_scraper',
 'CONCURRENT_REQUESTS': 2,
 'FEED_EXPORT_ENCODING': 'utf-8',
 'LOG_LEVEL': 'INFO',
 'NEWSPIDER_MODULE': 'yahoo_scraper.spiders',
 'REQUEST_FINGERPRINTER_IMPLEMENTATION': '2.7',
 'SPIDER_MODULES': ['yahoo_scraper.spiders'],
 'USER_AGENT': 'Mozilla/5.0 (compatible; YahooNewsBot/1.0; '
               '+https://finance.yahoo.com/)'}
2025-11-24 15:19:12 [scrapy.middleware] INFO: Enabled downloader middlewares:
['scrapy.downloadermiddlewares.offsite.OffsiteMiddleware',
 'scrapy.downloadermiddlewares.httpauth.HttpAuthMiddleware',
 'scrapy.downloadermiddlewares.downloadtimeout.DownloadTimeoutMiddleware',
 'scrapy.downloadermiddlewares.defaultheaders.DefaultHeadersMiddleware',
 'scrapy.downloadermiddlewares.useragent.UserAgentMiddleware',
 'scrapy.downloadermiddlewares.retry.RetryMiddleware',
 'scrapy.downloadermiddlewares.redirect.MetaRefreshMiddleware',
 'scrapy.downloadermiddlewares.httpcompression.HttpCompressionMiddleware',
 'scrapy.downloadermiddlewares.redirect.RedirectMiddleware',
 'scrapy.downloadermiddlewares.cookies.CookiesMiddleware',
 'scrapy.downloadermiddlewares.httpproxy.HttpProxyMiddleware',
 'scrapy.downloadermiddlewares.stats.DownloaderStats']
2025-11-24 15:19:12 [scrapy.middleware] INFO: Enabled spider middlewares:
['scrapy.spidermiddlewares.start.StartSpiderMiddleware',
 'scrapy.spidermiddlewares.httperror.HttpErrorMiddleware',
 'scrapy.spidermiddlewares.referer.RefererMiddleware',
 'scrapy.spidermiddlewares.urllength.UrlLengthMiddleware',
 'scrapy.spidermiddlewares.depth.DepthMiddleware']
2025-11-24 15:19:12 [scrapy.middleware] INFO: Enabled item pipelines:
[]
2025-11-24 15:19:12 [scrapy.core.engine] INFO: Spider opened
2025-11-24 15:19:12 [py.warnings] WARNING: /Users/baptistetrt/anaconda3/lib/python3.11/site-packages/scrapy/core/spidermw.py:433: ScrapyDeprecationWarning: yahoo_scraper.spiders.yahoo_news.YahooNewsSpider defines the deprecated start_requests() method. start_requests() has been deprecated in favor of a new method, start(), to support asynchronous code execution. start_requests() will stop being called in a future version of Scrapy. If you use Scrapy 2.13 or higher only, replace start_requests() with start(); note that start() is a coroutine (async def). If you need to maintain compatibility with lower Scrapy versions, when overriding start_requests() in a spider class, override start() as well; you can use super() to reuse the inherited start() implementation without copy-pasting. See the release notes of Scrapy 2.13 for details: https://docs.scrapy.org/en/2.13/news.html
  warn(

2025-11-24 15:19:12 [scrapy.extensions.logstats] INFO: Crawled 0 pages (at 0 pages/min), scraped 0 items (at 0 items/min)
2025-11-24 15:19:12 [scrapy.extensions.telnet] INFO: Telnet console listening on 127.0.0.1:6023
2025-11-24 15:19:18 [scrapy.spidermiddlewares.httperror] INFO: Ignoring response <401 https://www.barrons.com/articles/china-trade-soybeans-risks-cddf9cf1?siteid=yhoof2&yptr=yahoo>: HTTP status code is not handled or not allowed
2025-11-24 15:19:19 [scrapy.spidermiddlewares.httperror] INFO: Ignoring response <401 https://www.barrons.com/articles/stock-movers-37fe692a?siteid=yhoof2&yptr=yahoo>: HTTP status code is not handled or not allowed
2025-11-24 15:19:19 [scrapy.spidermiddlewares.httperror] INFO: Ignoring response <401 https://www.wsj.com/livecoverage/stock-market-today-dow-sp-500-nasdaq-11-24-2025/card/stocks-to-watch-monday-alibaba-tesla-alphabet-bayer-FFSsr3XPYh9aRva9jVOJ?siteid=yhoof2&yptr=yahoo>: HTTP status code is not handled or not allowed
2025-11-24 15:19:19 [scrapy.spidermiddlewares.httperror] INFO: Ignoring response <401 https://www.barrons.com/articles/tesla-stock-price-ai-chip-musk-2e02e046?siteid=yhoof2&yptr=yahoo>: HTTP status code is not handled or not allowed
2025-11-24 15:19:21 [scrapy.spidermiddlewares.httperror] INFO: Ignoring response <403 https://247wallst.com/apps-software/2025/11/24/tim-cook-gets-ready-to-retire-maybe/>: HTTP status code is not handled or not allowed
2025-11-24 15:19:22 [scrapy.core.engine] INFO: Closing spider (finished)
2025-11-24 15:19:22 [scrapy.extensions.feedexport] INFO: Stored json feed (15 items) in: outputs/news_1.json
2025-11-24 15:19:22 [scrapy.statscollectors] INFO: Dumping Scrapy stats:
{'downloader/request_bytes': 18072,
 'downloader/request_count': 36,
 'downloader/request_method_count/GET': 36,
 'downloader/response_bytes': 1473222,
 'downloader/response_count': 36,
 'downloader/response_status_count/200': 17,
 'downloader/response_status_count/302': 7,
 'downloader/response_status_count/307': 7,
 'downloader/response_status_count/401': 4,
 'downloader/response_status_count/403': 1,
 'elapsed_time_seconds': 9.846642,
 'feedexport/success_count/FileFeedStorage': 1,
 'finish_reason': 'finished',
 'finish_time': datetime.datetime(2025, 11, 24, 14, 19, 22, 545508, tzinfo=datetime.timezone.utc),
 'httpcompression/response_bytes': 8012121,
 'httpcompression/response_count': 18,
 'httperror/response_ignored_count': 5,
 'httperror/response_ignored_status_count/401': 4,
 'httperror/response_ignored_status_count/403': 1,
 'item_scraped_count': 15,
 'items_per_minute': 100.0,
 'log_count/INFO': 16,
 'log_count/WARNING': 2,
 'memusage/max': 133726208,
 'memusage/startup': 133726208,
 'request_depth_max': 1,
 'response_received_count': 22,
 'responses_per_minute': 146.66666666666669,
 'scheduler/dequeued': 36,
 'scheduler/dequeued/memory': 36,
 'scheduler/enqueued': 36,
 'scheduler/enqueued/memory': 36,
 'start_time': datetime.datetime(2025, 11, 24, 14, 19, 12, 698866, tzinfo=datetime.timezone.utc)}
2025-11-24 15:19:22 [scrapy.core.engine] INFO: Spider closed (finished)
